  Actor.cpp
G:\Cours\Progra\C++\003\C++Project_DualPuzzle\SimpleEngine_DualPuzzle\SimpleEngine_DualPuzzle\Actor.h(3,10): fatal error C1083: Cannot open include file: 'SDL_stdinc.h': No such file or directory
  AnimSpriteComponent.cpp
G:\Cours\Progra\C++\003\C++Project_DualPuzzle\SimpleEngine_DualPuzzle\SimpleEngine_DualPuzzle\Component.h(3,10): fatal error C1083: Cannot open include file: 'SDL_stdinc.h': No such file or directory
  Assets.cpp
G:\Cours\Progra\C++\003\C++Project_DualPuzzle\SimpleEngine_DualPuzzle\SimpleEngine_DualPuzzle\Renderer.h(3,10): fatal error C1083: Cannot open include file: 'SDL.h': No such file or directory
  Astroid.cpp
G:\Cours\Progra\C++\003\C++Project_DualPuzzle\SimpleEngine_DualPuzzle\SimpleEngine_DualPuzzle\Actor.h(3,10): fatal error C1083: Cannot open include file: 'SDL_stdinc.h': No such file or directory
  BackgroundSpriteComponent.cpp
G:\Cours\Progra\C++\003\C++Project_DualPuzzle\SimpleEngine_DualPuzzle\SimpleEngine_DualPuzzle\Component.h(3,10): fatal error C1083: Cannot open include file: 'SDL_stdinc.h': No such file or directory
  CircleCollisionComponent.cpp
G:\Cours\Progra\C++\003\C++Project_DualPuzzle\SimpleEngine_DualPuzzle\SimpleEngine_DualPuzzle\Component.h(3,10): fatal error C1083: Cannot open include file: 'SDL_stdinc.h': No such file or directory
  Component.cpp
G:\Cours\Progra\C++\003\C++Project_DualPuzzle\SimpleEngine_DualPuzzle\SimpleEngine_DualPuzzle\Component.h(3,10): fatal error C1083: Cannot open include file: 'SDL_stdinc.h': No such file or directory
  Game.cpp
G:\Cours\Progra\C++\003\C++Project_DualPuzzle\SimpleEngine_DualPuzzle\SimpleEngine_DualPuzzle\Window.h(2,10): fatal error C1083: Cannot open include file: 'SDL.h': No such file or directory
  InputComponent.cpp
G:\Cours\Progra\C++\003\C++Project_DualPuzzle\SimpleEngine_DualPuzzle\SimpleEngine_DualPuzzle\Component.h(3,10): fatal error C1083: Cannot open include file: 'SDL_stdinc.h': No such file or directory
  Laser.cpp
G:\Cours\Progra\C++\003\C++Project_DualPuzzle\SimpleEngine_DualPuzzle\SimpleEngine_DualPuzzle\Actor.h(3,10): fatal error C1083: Cannot open include file: 'SDL_stdinc.h': No such file or directory
  Log.cpp
G:\Cours\Progra\C++\003\C++Project_DualPuzzle\SimpleEngine_DualPuzzle\SimpleEngine_DualPuzzle\Log.h(4,10): fatal error C1083: Cannot open include file: 'SDL_log.h': No such file or directory
  Main.cpp
G:\Cours\Progra\C++\003\C++Project_DualPuzzle\SimpleEngine_DualPuzzle\SimpleEngine_DualPuzzle\Window.h(2,10): fatal error C1083: Cannot open include file: 'SDL.h': No such file or directory
  MoveComponent.cpp
G:\Cours\Progra\C++\003\C++Project_DualPuzzle\SimpleEngine_DualPuzzle\SimpleEngine_DualPuzzle\Component.h(3,10): fatal error C1083: Cannot open include file: 'SDL_stdinc.h': No such file or directory
  Random.cpp
  Rectangle.cpp
G:\Cours\Progra\C++\003\C++Project_DualPuzzle\SimpleEngine_DualPuzzle\SimpleEngine_DualPuzzle\Rectangle.cpp(3,17): error C4430: missing type specifier - int assumed. Note: C++ does not support default-int
G:\Cours\Progra\C++\003\C++Project_DualPuzzle\SimpleEngine_DualPuzzle\SimpleEngine_DualPuzzle\Rectangle.cpp(3,17): error C2653: 'Rectangle': is not a class or namespace name
G:\Cours\Progra\C++\003\C++Project_DualPuzzle\SimpleEngine_DualPuzzle\SimpleEngine_DualPuzzle\Rectangle.cpp(3,28): error C2146: syntax error: missing ';' before identifier 'nullRect'
G:\Cours\Progra\C++\003\C++Project_DualPuzzle\SimpleEngine_DualPuzzle\SimpleEngine_DualPuzzle\Rectangle.cpp(3,36): error C4430: missing type specifier - int assumed. Note: C++ does not support default-int
G:\Cours\Progra\C++\003\C++Project_DualPuzzle\SimpleEngine_DualPuzzle\SimpleEngine_DualPuzzle\Rectangle.cpp(3,54): error C2440: 'initializing': cannot convert from 'initializer list' to 'int'
G:\Cours\Progra\C++\003\C++Project_DualPuzzle\SimpleEngine_DualPuzzle\SimpleEngine_DualPuzzle\Rectangle.cpp(3,36): message : The initializer contains too many elements
  Renderer.cpp
G:\Cours\Progra\C++\003\C++Project_DualPuzzle\SimpleEngine_DualPuzzle\SimpleEngine_DualPuzzle\Renderer.h(3,10): fatal error C1083: Cannot open include file: 'SDL.h': No such file or directory
  Ship.cpp
G:\Cours\Progra\C++\003\C++Project_DualPuzzle\SimpleEngine_DualPuzzle\SimpleEngine_DualPuzzle\Actor.h(3,10): fatal error C1083: Cannot open include file: 'SDL_stdinc.h': No such file or directory
  SpriteComponent.cpp
G:\Cours\Progra\C++\003\C++Project_DualPuzzle\SimpleEngine_DualPuzzle\SimpleEngine_DualPuzzle\Component.h(3,10): fatal error C1083: Cannot open include file: 'SDL_stdinc.h': No such file or directory
  Texture.cpp
G:\Cours\Progra\C++\003\C++Project_DualPuzzle\SimpleEngine_DualPuzzle\SimpleEngine_DualPuzzle\Renderer.h(3,10): fatal error C1083: Cannot open include file: 'SDL.h': No such file or directory
  Timer.cpp
G:\Cours\Progra\C++\003\C++Project_DualPuzzle\SimpleEngine_DualPuzzle\SimpleEngine_DualPuzzle\Timer.cpp(2,10): fatal error C1083: Cannot open include file: 'SDL_timer.h': No such file or directory
  Generating Code...
  Compiling...
  Window.cpp
G:\Cours\Progra\C++\003\C++Project_DualPuzzle\SimpleEngine_DualPuzzle\SimpleEngine_DualPuzzle\Window.h(2,10): fatal error C1083: Cannot open include file: 'SDL.h': No such file or directory
  Generating Code...
